ERR1759154_snippy : 1.1.1.3.1.3.2.1.1.4.2.1.2
SRR1968390_snippy : 1.1.1.3.1.3.2.1.1.4.2.1.2
SRR7511970_snippy : 1.1.1.3.1.3.2.1.1.4.2.1.2
SRR7204315_snippy : 1.1.1.3.1.3.2.1.1.4.2.1.2
SRR7506453_snippy : 1.1.1.3.1.3.2.1.1.4.2.1.2
SRR7072208_snippy : 1.1.1.3.1.3.2.1.1.4.2.1.2
SRR7221529_snippy : 1.1.1.3.1.3.2.1.1.4.2.1.2
SRR7232990_snippy : 1.1.1.3.1.3.2.1.1.4.2.1.2
SRR7233616_snippy : 1.1.1.3.1.3.2.1.1.4.2.1.2
SRR5584998_snippy : 1.1.1.3.1.3.2.1.1.4.2.1.2
SRR7516522_snippy : 1.1.1.3.1.3.2.1.1.4.2.1.2
SRR7501298_snippy : 1.1.1.3.1.3.2.1.1.4.2.1.2
SRR7511751_snippy : 1.1.1.3.1.3.2.1.1.4.2.1.2
SRR7501402_snippy : 1.1.1.3.1.3.2.1.1.4.2.1.2
SRR7284818_snippy : 1.1.1.3.1.3.2.1.1.4.2.1.2
SRR7501700_snippy : 1.1.1.3.1.3.2.1.1.4.2.1.2
SRR7506921_snippy : 1.1.1.3.1.3.2.1.1.4.2.1.2
SRR7523635_snippy : 1.1.1.3.1.3.2.1.1.4.2.1.2
SRR7065005_snippy : 1.1.1.3.1.3.2.1.1.4.2.1
SRR7066595_snippy : 1.1.1.3.1.3.2.1.1.4.2.1
SRR7516673_snippy : 1.1.1.3.1.3.2.1.1.4.2.1
SRR7523805_snippy : 1.1.1.3.1.3.2.1.1.4.2.1
SRR5584684_snippy : 1.1.1.3.1.3.2.1.1.4.2.1
SRR7511895_snippy : 1.1.1.3.1.3.2.1.1.4.2.1
SRR7501145_snippy : 1.1.1.3.1.3.2.1.1.4.2.1
SRR7501296_snippy : 1.1.1.3.1.3.2.1.1.4.2.1
SRR7506805_snippy : 1.1.1.3.1.3.2.1.1.4.2.1
SRR7506985_snippy : 1.1.1.3.1.3.2.1.1.4.2.1
SRR7516742_snippy : 1.1.1.3.1.3.2.1.1.4.2.1
SRR7523175_snippy : 1.1.1.3.1.3.2.1.1.4.2.1
SRR6635800_snippy : 1.1.1.3.1.3.2.1.1.4.2.1
SRR5583081_snippy : 1.1.1.3.1.3.2.1.1.4.2.1.1
SRR7071939_snippy : 1.1.1.3.1.3.2.1.1.4.2.1.1
SRR7511850_snippy : 1.1.1.3.1.3.2.1.1.4.2.1.1
SRR7533535_snippy : 1.1.1.3.1.3.2.1.1.4.2.1.1
SRR5584094_snippy : 1.1.1.3.1.3.2.1.1.4.2.1.1
SRR7072121_snippy : 1.1.1.3.1.3.2.1.1.4.2.1.1
SRR7072176_snippy : 1.1.1.3.1.3.2.1.1.4.2.1.1
SRR5633088_snippy : 1.1.1.3.1.3.2.1.1.4.2.1.1
SRR7501177_snippy : 1.1.1.3.1.3.2.1.1.4.2.1.1
SRR7501510_snippy : 1.1.1.3.1.3.2.1.1.4.2.1.1
SRR7527770_snippy : 1.1.1.3.1.3.2.1.1.4.2.1.1
SRR7516492_snippy : 1.1.1.3.1.3.2.1.1.4.2.1.1
SRR5584590_snippy : 1.1.1.3.1.3.2.1.1.4.2.1.1.1
SRR7229077_snippy : 1.1.1.3.1.3.2.1.1.4.2.1.1.1
SRR7506821_snippy : 1.1.1.3.1.3.2.1.1.4.2.1.1.1
SRR7501425_snippy : 1.1.1.3.1.3.2.1.1.4.2.1.1.1
SRR7064960_snippy : 1.1.1.3.1.3.2.1.1.4.2.1.1.1
SRR7501284_snippy : 1.1.1.3.1.3.2.1.1.4.2.1.1.1
SRR7523679_snippy : 1.1.1.3.1.3.2.1.1.4.2.1.1.1
SRR5585127_snippy : 1.1.1.3.1.3.2.1.1.4.2.1.1.1
SRR7511851_snippy : 1.1.1.3.1.3.2.1.1.4.2.1.1.1
SRR7533349_snippy : 1.1.1.3.1.3.2.1.1.4.2.1.1
SRR5583955_snippy : 1.1.1.3.1.3.2.1.1.4.2.1.1
SRR7221348_snippy : 1.1.1.3.1.3.2.1.1.4.2.1
SRR7501354_snippy : 1.1.1.3.1.3.2.1.1.4.2.1
ERR2202569_snippy : 1.1.1.3.1.3.2.1.1.4.2.1
SRR5583123_snippy : 1.1.1.3.1.3.2.1.1.4.2.1
SRR5585257_snippy : 1.1.1.3.1.3.2.1.1.4.2.1
SRR5584758_snippy : 1.1.1.3.1.3.2.1.1.4.2.1
SRR5633133_snippy : 1.1.1.3.1.3.2.1.1.4.2.1
SRR5584830_snippy : 1.1.1.3.1.3.2.1.1.4.2.1
SRR7072202_snippy : 1.1.1.3.1.3.2.1.1.4.2.1
SRR7284713_snippy : 1.1.1.3.1.3.2.1.1.4.2
SRR5155653_snippy : 1.1.1.3.1.3.2.1.1.4.2
SRR1106261_snippy : 1.1.1.3.1.3.2.1.1.4
SRR2567131_snippy : 1.1.1.3.1.3.2.1.1.4
SRR1793260_snippy : 1.1.1.3.1.3.2.1.1.4
SRR2078279_snippy : 1.1.1.3.1.3.2.1.1.4
SRR1002850_snippy : 1.1.1.3.1.3.2.1.1.4.3
SRR3110477_snippy : 1.1.1.3.1.3.2.1.1.4.3
SRR5209738_snippy : 1.1.1.3.1.3.2.1.1.4.3
SRR1106563_snippy : 1.1.1.3.1.3.2.1.1.4.3
SRR1200646_snippy : 1.1.1.3.1.3.2.1.1.4.3
SRR1200615_snippy : 1.1.1.3.1.3.2.1.1.4.3
SRR1200638_snippy : 1.1.1.3.1.3.2.1.1.4.3
SRR1696784_snippy : 1.1.1.3.1.3.2.1.1.4.3
SRR6300841_snippy : 1.1.1.3.1.3.2.1.1.4.3
SRR7721714_snippy : 1.1.1.3.1.3.2.1.1.4.3
SRR1106562_snippy : 1.1.1.3.1.3.2.1.1.4.3.1
SRR1686561_snippy : 1.1.1.3.1.3.2.1.1.4.3.1
SRR3062665_snippy : 1.1.1.3.1.3.2.1.1.4.3.1
SRR5044077_snippy : 1.1.1.3.1.3.2.1.1.4.3.1
SRR6249917_snippy : 1.1.1.3.1.3.2.1.1.4.3.1
SRR1200628_snippy : 1.1.1.3.1.3.2.1.1.4.3.2
SRR1200630_snippy : 1.1.1.3.1.3.2.1.1.4.3.2
SRR2566991_snippy : 1.1.1.3.1.3.2.1.1.4.3.2
SRR1696754_snippy : 1.1.1.3.1.3.2.1.1.4.3.2
SRR2407714_snippy : 1.1.1.3.1.3.2.1.1.4.3.2
SRR7653286_snippy : 1.1.1.3.1.3.2.1.1.4.3.2
SRR1981681_snippy : 1.1.1.3.1.3.2.1.1.4.4
SRR2140778_snippy : 1.1.1.3.1.3.2.1.1.4.4
SRR2140792_snippy : 1.1.1.3.1.3.2.1.1.4.4
SRR5583893_snippy : 1.1.1.3.1.3.2.1.1.4.4
SRR2134676_snippy : 1.1.1.3.1.3.2.1.1.4.4
SRR2341507_snippy : 1.1.1.3.1.3.2.1.1.4.4
SRR5120873_snippy : 1.1.1.3.1.3.2.1.1.4.4
SRR4044552_snippy : 1.1.1.3.1.3.2.1.1.4.4
SRR5184239_snippy : 1.1.1.3.1.3.2.1.1.4.4
SRR7413792_snippy : 1.1.1.3.1.3.2.1.1.4.4
SRR2102513_snippy : 1.1.1.3.1.3.2.1.1.4.4
SRR1141131_snippy : 1.1.1.3.1.3.2.1.1.4.1.1.2
SRR2188120_snippy : 1.1.1.3.1.3.2.1.1.4.1.1.2
SRR6703778_snippy : 1.1.1.3.1.3.2.1.1.4.1.1.2
SRR6885417_snippy : 1.1.1.3.1.3.2.1.1.4.1.1.2
SRR6848357_snippy : 1.1.1.3.1.3.2.1.1.4.1.1.2
SRR5224187_snippy : 1.1.1.3.1.3.2.1.1.4.1.1
SRR6881463_snippy : 1.1.1.3.1.3.2.1.1.4.1.1
SRR3028782_snippy : 1.1.1.3.1.3.2.1.1.4.1.1
SRR2012878_snippy : 1.1.1.3.1.3.2.1.1.4.1.1.1
SRR2156486_snippy : 1.1.1.3.1.3.2.1.1.4.1.1.1
SRR3383899_snippy : 1.1.1.3.1.3.2.1.1.4.1.1.1.1
SRR5238044_snippy : 1.1.1.3.1.3.2.1.1.4.1.1.1.1
SRR5761383_snippy : 1.1.1.3.1.3.2.1.1.4.1.1.1.1
SRR5201487_snippy : 1.1.1.3.1.3.2.1.1.4.1.1.1.1
SRR6879671_snippy : 1.1.1.3.1.3.2.1.1.4.1.1.1.1
SRR5236402_snippy : 1.1.1.3.1.3.2.1.1.4.1.1.1
SRR5239195_snippy : 1.1.1.3.1.3.2.1.1.4.1.1.1
SRR4044564_snippy : 1.1.1.3.1.3.2.1.1.4.1.1
SRR1575945_snippy : 1.1.1.3.1.3.2.1.1.4.1
SRR6881254_snippy : 1.1.1.3.1.3.2.1.1.4.1
SRR6881258_snippy : 1.1.1.3.1.3.2.1.1.4.1
SRR7170379_snippy : 1.1.1.3.1.3.2.1.1.4
SRR1300612_snippy : 1.1.1.3.1.3.2.1.1
SRR1177546_snippy : 1.1.1.3.1.3.2.1.1
SRR2047334_snippy : 1.1.1.3.1.3.2.1.1
SRR3330221_snippy : 1.1.1.3.1.3.2.1.1
SRR1029666_snippy : 1.1.1.3.1.3.2.1.1.2.1
SRR1106181_snippy : 1.1.1.3.1.3.2.1.1.2.1
SRR2572086_snippy : 1.1.1.3.1.3.2.1.1.2.1
SRR1616737_snippy : 1.1.1.3.1.3.2.1.1.2.1
SRR1614905_snippy : 1.1.1.3.1.3.2.1.1.2.1
SRR2407655_snippy : 1.1.1.3.1.3.2.1.1.2.1
SRR1616742_snippy : 1.1.1.3.1.3.2.1.1.2.1
SRR1106185_snippy : 1.1.1.3.1.3.2.1.1.2.1
SRR1106246_snippy : 1.1.1.3.1.3.2.1.1.2.1
SRR863392_snippy : 1.1.1.3.1.3.2.1.1.2.1
SRR1521518_snippy : 1.1.1.3.1.3.2.1.1.2.1
SRR1511567_snippy : 1.1.1.3.1.3.2.1.1.2.1
SRR1544174_snippy : 1.1.1.3.1.3.2.1.1.2.1
SRR1106214_snippy : 1.1.1.3.1.3.2.1.1.2
SRR1200642_snippy : 1.1.1.3.1.3.2.1.1.2
SRR1616760_snippy : 1.1.1.3.1.3.2.1.1.2
SRR2571695_snippy : 1.1.1.3.1.3.2.1.1.2
SRR1200626_snippy : 1.1.1.3.1.3.2.1.1.2
SRR1511491_snippy : 1.1.1.3.1.3.2.1.1.2
SRR1553748_snippy : 1.1.1.3.1.3.2.1.1
ERR1816691_snippy : 1.1.1.3.1.3.2.1.1.1.1.4.1
SRR1970586_snippy : 1.1.1.3.1.3.2.1.1.1.1.4.1
SRR1605039_snippy : 1.1.1.3.1.3.2.1.1.1.1.4.1
SRR2125860_snippy : 1.1.1.3.1.3.2.1.1.1.1.4.1
SRR1636572_snippy : 1.1.1.3.1.3.2.1.1.1.1.4.1
SRR5260127_snippy : 1.1.1.3.1.3.2.1.1.1.1.4.1
SRR3137157_snippy : 1.1.1.3.1.3.2.1.1.1.1.4.1
SRR7059380_snippy : 1.1.1.3.1.3.2.1.1.1.1.4.1
SRR1635104_snippy : 1.1.1.3.1.3.2.1.1.1.1.4.2
SRR1916124_snippy : 1.1.1.3.1.3.2.1.1.1.1.4.2
SRR2975905_snippy : 1.1.1.3.1.3.2.1.1.1.1.4.2
SRR4295108_snippy : 1.1.1.3.1.3.2.1.1.1.1.4.2
SRR5413321_snippy : 1.1.1.3.1.3.2.1.1.1.1.4.2
SRR2121670_snippy : 1.1.1.3.1.3.2.1.1.1.1.4.2
SRR2976011_snippy : 1.1.1.3.1.3.2.1.1.1.1.4.2
SRR7132654_snippy : 1.1.1.3.1.3.2.1.1.1.1.4
SRR1813452_snippy : 1.1.1.3.1.3.2.1.1.1.1
SRR2407593_snippy : 1.1.1.3.1.3.2.1.1.1.1
SRR6920789_snippy : 1.1.1.3.1.3.2.1.1.1.1
SRR1333872_snippy : 1.1.1.3.1.3.2.1.1.1
SRR6881177_snippy : 1.1.1.3.1.3.2.1.1.1
SRR1021811_snippy : 1.1.1.3.1.3.2.1.1.1
SRR3191437_snippy : 1.1.1.3.1.3.2.1.1.1
SRR1021809_snippy : 1.1.1.3.1.3.2.1.1.1
SRR1951883_snippy : 1.1.1.3.1.3.2.1.1.1
SRR2533528_snippy : 1.1.1.3.1.3.2.1.1.1
SRR1910303_snippy : 1.1.1.3.1.3.2.1.1.1
SRR1201357_snippy : 1.1.1.3.1.3.2.1.1.1
SRR1695735_snippy : 1.1.1.3.1.3.2.1.1.1.2
SRR1973984_snippy : 1.1.1.3.1.3.2.1.1.1.2
SRR5238272_snippy : 1.1.1.3.1.3.2.1.1.1.2
SRR2567110_snippy : 1.1.1.3.1.3.2.1.1.1.2
SRR7167110_snippy : 1.1.1.3.1.3.2.1.1.1.2
SRR1982208_snippy : 1.1.1.3.1.3.2.1.1.1.2
SRR3219185_snippy : 1.1.1.3.1.3.2.1.1.1.2
SRR1021743_snippy : 1.1.1.3.1.3.2.1.1.3
SRR7081942_snippy : 1.1.1.3.1.3.2.1.1.3
SRR1694074_snippy : 1.1.1.3.1.3.2.1.1.3
SRR1810515_snippy : 1.1.1.3.1.3.2.1.1.3
SRR2407632_snippy : 1.1.1.3.1.3.2.1.1.3
SRR2054607_snippy : 1.1.1.3.1.3.2.1.1.3
SRR7010960_snippy : 1.1.1.3.1.3.2.1.1
SRR1186358_snippy : 1.1.1.3.1.3.2.1.1.5
SRR1840645_snippy : 1.1.1.3.1.3.2.1.1.5
SRR5239224_snippy : 1.1.1.3.1.3.2.1.1.5
SRR3184193_snippy : 1.1.1.3.1.3.2.1.1.5
SRR6881290_snippy : 1.1.1.3.1.3.2.1.1.5
SRR4044680_snippy : 1.1.1.3.1.3.2.1.1.5
SRR6881286_snippy : 1.1.1.3.1.3.2.1.1.5
SRR7010965_snippy : 1.1.1.3.1.3.2.1.1.5
SRR6881194_snippy : 1.1.1.3.1.3.2.1.1
SRR1605040_snippy : 1.1.1.3.1.3.2.1.1
SRR3030388_snippy : 1.1.1.3.1.3.2.1.1
SRR3137156_snippy : 1.1.1.3.1.3.2.1.1
SRR2533442_snippy : 1.1.1.3.1.3.2.1.1
SRR3122734_snippy : 1.1.1.3.1.3.2.1.1
SRR3664968_snippy : 1.1.1.3.1.3.2.1.1
SRR1198898_snippy : 1.1.1.3.1.3.2.1.1
SRR1106240_snippy : 1.1.1.3.1.3.2.1.1
SRR2962663_snippy : 1.1.1.3.1.3.2.1.1
SRR1200643_snippy : 1.1.1.3.1.3.2.1.1
SRR1200637_snippy : 1.1.1.3.1.3.2.1.1
SRR6412938_snippy : 1.1.1.3.1.3.2.1.1
SRR1220782_snippy : 1.1.1.3.1.3.2.1.1
SRR2584391_snippy : 1.1.1.3.1.3.2.1.1
SRR6881279_snippy : 1.1.1.3.1.3.2.1.1
SRR1840644_snippy : 1.1.1.3.1.3.2.1.1
SRR2954368_snippy : 1.1.1.3.1.3.2.1.1
SRR7167113_snippy : 1.1.1.3.1.3.2.1.1
SRR1605041_snippy : 1.1.1.3.1.3.2.1.4
SRR2829314_snippy : 1.1.1.3.1.3.2.1.4
SRR1796062_snippy : 1.1.1.3.1.3.2.1.4
SRR5091723_snippy : 1.1.1.3.1.3.2.1.4
SRR1973617_snippy : 1.1.1.3.1.3.2.1.4
SRR2407614_snippy : 1.1.1.3.1.3.2.1.4
SRR3933055_snippy : 1.1.1.3.1.3.2.1.4
SRR7027938_snippy : 1.1.1.3.1.3.2.1.4
SRR5683228_snippy : 1.1.1.3.1.3.2.1.4
SRR7289052_snippy : 1.1.1.3.1.3.2.1.4
SRR2121400_snippy : 1.1.1.3.1.3.2.1.4
SRR2192188_snippy : 1.1.1.3.1.3.2.1.4
SRR3137151_snippy : 1.1.1.3.1.3.2.1.4
SRR7447136_snippy : 1.1.1.3.1.3.2.1.4
SRR7504697_snippy : 1.1.1.3.1.3.2.1.4
SRR7403832_snippy : 1.1.1.3.1.3.2.1.4
SRR1686518_snippy : 1.1.1.3.1.3.2.1
SRR1664275_snippy : 1.1.1.3.1.3.2.1.3
SRR1946948_snippy : 1.1.1.3.1.3.2.1.3
SRR2925324_snippy : 1.1.1.3.1.3.2.1.3
SRR6932857_snippy : 1.1.1.3.1.3.2.1.3
SRR7218535_snippy : 1.1.1.3.1.3.2.1.3
SRR7081932_snippy : 1.1.1.3.1.3.2.1.3
SRR7132630_snippy : 1.1.1.3.1.3.2.1.3
SRR3057163_snippy : 1.1.1.3.1.3.2.1.3
SRR5441552_snippy : 1.1.1.3.1.3.2.1.3
SRR2192147_snippy : 1.1.1.3.1.3.2.1.3
SRR2407549_snippy : 1.1.1.3.1.3.2.1.3
SRR7132620_snippy : 1.1.1.3.1.3.2.1.3
SRR3057208_snippy : 1.1.1.3.1.3.2.1.3
SRR5235752_snippy : 1.1.1.3.1.3.2.1.3
SRR1195693_snippy : 1.1.1.3.1.3.2.1.2
SRR1818280_snippy : 1.1.1.3.1.3.2.1.2
SRR1996163_snippy : 1.1.1.3.1.3.2.1.2
SRR1206088_snippy : 1.1.1.3.1.3.2.1.2
SRR2407533_snippy : 1.1.1.3.1.3.2.1.2
SRR5235672_snippy : 1.1.1.3.1.3.2.1.2
SRR2584388_snippy : 1.1.1.3.1.3.2.1.2
SRR1556064_snippy : 1.1.1.3.1.3.2.1.2
SRR1206091_snippy : 1.1.1.3.1.3.2.1
SRR3664820_snippy : 1.1.1.3.1.3.2.1
ERR2204163_snippy : 1.1.1.3.1.3.2.3
ERR2204186_snippy : 1.1.1.3.1.3.2.3
ERR2204194_snippy : 1.1.1.3.1.3.2.3
ERR2204172_snippy : 1.1.1.3.1.3.2.3
ERR2204173_snippy : 1.1.1.3.1.3.2.3
ERR2204165_snippy : 1.1.1.3.1.3.2.3
ERR2204169_snippy : 1.1.1.3.1.3.2.4.2
ERR2204192_snippy : 1.1.1.3.1.3.2.4.2
SRR2088775_snippy : 1.1.1.3.1.3.2.4.2
ERR2204189_snippy : 1.1.1.3.1.3.2.4.2
ERR2204190_snippy : 1.1.1.3.1.3.2.4.2
ERR2204175_snippy : 1.1.1.3.1.3.2.4
ERR2204181_snippy : 1.1.1.3.1.3.2.4.1
ERR2204196_snippy : 1.1.1.3.1.3.2.4.1
SRR2088774_snippy : 1.1.1.3.1.3.2.4.1
ERR2204183_snippy : 1.1.1.3.1.3.2.4.1
SRR5821979_snippy : 1.1.1.3.1.3.2.4.1
SRR1966080_snippy : 1.1.1.3.1.3.2
SRR3049393_snippy : 1.1.1.3.1.3.2
SRR1299396_snippy : 1.1.1.3.1.3.2
SRR5236377_snippy : 1.1.1.3.1.3.2
SRR7346598_snippy : 1.1.1.3.1.3.2
SRR5278779_snippy : 1.1.1.3.1.3.2
ERR405476_snippy : 1.1.1.3.1.3.2.2
SRR1195624_snippy : 1.1.1.3.1.3.2.2.4.3
SRR1861645_snippy : 1.1.1.3.1.3.2.2.4.3
SRR2182896_snippy : 1.1.1.3.1.3.2.2.4.3
SRR1973892_snippy : 1.1.1.3.1.3.2.2.4.3
SRR2017887_snippy : 1.1.1.3.1.3.2.2.4.3
SRR1950919_snippy : 1.1.1.3.1.3.2.2.4.3
SRR7167112_snippy : 1.1.1.3.1.3.2.2.4.3
SRR6881281_snippy : 1.1.1.3.1.3.2.2.4
SRR2067947_snippy : 1.1.1.3.1.3.2.2.4
SRR1810570_snippy : 1.1.1.3.1.3.2.2.4
SRR2566863_snippy : 1.1.1.3.1.3.2.2.4
SRR7218538_snippy : 1.1.1.3.1.3.2.2.4
SRR1813429_snippy : 1.1.1.3.1.3.2.2.4
SRR1334138_snippy : 1.1.1.3.1.3.2.2.5
SRR1637043_snippy : 1.1.1.3.1.3.2.2.5
SRR3765010_snippy : 1.1.1.3.1.3.2.2.5
SRR2054609_snippy : 1.1.1.3.1.3.2.2.5
SRR6881200_snippy : 1.1.1.3.1.3.2.2.5
SRR2533486_snippy : 1.1.1.3.1.3.2.2.5
SRR3028765_snippy : 1.1.1.3.1.3.2.2
SRR5052784_snippy : 1.1.1.3.1.3.2.2
SRR7228886_snippy : 1.1.1.3.1.3.2.2
SRR1195642_snippy : 1.1.1.3.1.3.2.2
SRR3322349_snippy : 1.1.1.3.1.3.2.2
SRR1195684_snippy : 1.1.1.3.1.3.2.2
SRR2193802_snippy : 1.1.1.3.1.3.2.2
SRR1909017_snippy : 1.1.1.3.1.3.2.2
SRR1916096_snippy : 1.1.1.3.1.3.2.2
SRR2578271_snippy : 1.1.1.3.1.3.2.2
SRR5055275_snippy : 1.1.1.3.1.3.2.2
SRR7504567_snippy : 1.1.1.3.1.3.2.2
SRR1947022_snippy : 1.1.1.3.1.3.2.2
SRR1686577_snippy : 1.1.1.3.1.3.2.2
SRR7284710_snippy : 1.1.1.3.1.3.2.2
SRR3321861_snippy : 1.1.1.3.1.3.3.2.1
SRR3682071_snippy : 1.1.1.3.1.3.3.2.1
SRR3707415_snippy : 1.1.1.3.1.3.3.2
SRR1849329_snippy : 1.1.1.3.1.3.3.2
SRR2566920_snippy : 1.1.1.3.1.3.3.2
SRR1525265_snippy : 1.1.1.3.1.3.3.2
SRR2407552_snippy : 1.1.1.3.1.3.3.2
SRR5016810_snippy : 1.1.1.3.1.3.3.2
SRR3703080_snippy : 1.1.1.3.1.3.3.2
SRR2724063_snippy : 1.1.1.3.1.3.3.2
SRR3028786_snippy : 1.1.1.3.1.3.3.2
SRR3665267_snippy : 1.1.1.3.1.3.3.2
SRR7132621_snippy : 1.1.1.3.1.3.3.2
SRR4280625_snippy : 1.1.1.3.1.3.3.2
SRR5277178_snippy : 1.1.1.3.1.3.3.2
SRR1534888_snippy : 1.1.1.3.1.3.3.2
SRR5241829_snippy : 1.1.1.3.1.3.3.2
SRR1166602_snippy : 1.1.1.3.1.3.3
SRR1982229_snippy : 1.1.1.3.1.3.3
SRR6881190_snippy : 1.1.1.3.1.3.3
SRR5055934_snippy : 1.1.1.3.1.3.3
SRR1198930_snippy : 1.1.1.3.1.3.3
SRR5236394_snippy : 1.1.1.3.1.3.3
SRR5081484_snippy : 1.1.1.3.1.3.3
SRR1029578_snippy : 1.1.1.3.1.3.4.3
SRR6666862_snippy : 1.1.1.3.1.3.4.3
SRR1272809_snippy : 1.1.1.3.1.3.4.3
SRR1106149_snippy : 1.1.1.3.1.3.4.3.5
SRR1946895_snippy : 1.1.1.3.1.3.4.3.5
SRR1206093_snippy : 1.1.1.3.1.3.4.3.5
SRR7056104_snippy : 1.1.1.3.1.3.4.3.5
SRR1614906_snippy : 1.1.1.3.1.3.4.3.5
SRR3664703_snippy : 1.1.1.3.1.3.4.3.5
SRR2124424_snippy : 1.1.1.3.1.3.4.3.5
SRR1200640_snippy : 1.1.1.3.1.3.4.3
SRR1528488_snippy : 1.1.1.3.1.3.4.3
SRR949394_snippy : 1.1.1.3.1.3.4.3
SRR6325374_snippy : 1.1.1.3.1.3.4.3
SRR6451856_snippy : 1.1.1.3.1.3.4.3
SRR6451860_snippy : 1.1.1.3.1.3.4.3
SRR5055981_snippy : 1.1.1.3.1.3.4.3
SRR1763837_snippy : 1.1.1.3.1.3.4.3
SRR2407778_snippy : 1.1.1.3.1.3.4.3.4
SRR6316183_snippy : 1.1.1.3.1.3.4.3.4
SRR7081933_snippy : 1.1.1.3.1.3.4.3.4
SRR5349770_snippy : 1.1.1.3.1.3.4.3.4
SRR6881362_snippy : 1.1.1.3.1.3.4.3.4
SRR6703996_snippy : 1.1.1.3.1.3.4.3.4
SRR7247785_snippy : 1.1.1.3.1.3.4.3.4
SRR1616765_snippy : 1.1.1.3.1.3.4.4
SRR2060275_snippy : 1.1.1.3.1.3.4.4
SRR7093155_snippy : 1.1.1.3.1.3.4.4
SRR3137154_snippy : 1.1.1.3.1.3.4.4
SRR7010957_snippy : 1.1.1.3.1.3.4.4
SRR1106580_snippy : 1.1.1.3.1.3
SRR1185819_snippy : 1.1.1.3.1.3.6
SRR2078201_snippy : 1.1.1.3.1.3.6
SRR6881260_snippy : 1.1.1.3.1.3.6
SRR3295791_snippy : 1.1.1.3.1.3.6
SRR7084518_snippy : 1.1.1.3.1.3.6
SRR1300605_snippy : 1.1.1.3.1.3.6
SRR1965056_snippy : 1.1.1.3.1.3
SRR7172543_snippy : 1.1.1.3.1.3
SRR1089523_snippy : 1.1.1.3.1.3.5
SRR3664858_snippy : 1.1.1.3.1.3.5
SRR1195694_snippy : 1.1.1.3.1.3.5
SRR1363345_snippy : 1.1.1.3.1.3.5
SRR1805612_snippy : 1.1.1.3.1.3.5
SRR3707411_snippy : 1.1.1.3.1.3.5
SRR5241838_snippy : 1.1.1.3.1.3.5
SRR3194566_snippy : 1.1.1.3.1.3
SRR1122499_snippy : 1.1.1.3.1.3
SRR1195631_snippy : 1.1.1.3.1.3
SRR3662611_snippy : 1.1.1.3.1.3
SRR1106485_snippy : 1.1.1.3.1.3.1.2
SRR1528510_snippy : 1.1.1.3.1.3.1.2
SRR7010962_snippy : 1.1.1.3.1.3.1.2
SRR1395315_snippy : 1.1.1.3.1.3.1.2
SRR1694061_snippy : 1.1.1.3.1.3.1.2
SRR1569664_snippy : 1.1.1.3.1.3.1.2
SRR1814289_snippy : 1.1.1.3.1.3.1.2
SRR1122511_snippy : 1.1.1.3.1.3.1.3.9
SRR1695775_snippy : 1.1.1.3.1.3.1.3.9
SRR2174093_snippy : 1.1.1.3.1.3.1.3.9
SRR2078902_snippy : 1.1.1.3.1.3.1.3.9
SRR2911004_snippy : 1.1.1.3.1.3.1.3.9
SRR1164564_snippy : 1.1.1.3.1.3.1.3.9.2
SRR1164596_snippy : 1.1.1.3.1.3.1.3.9.2
SRR1264926_snippy : 1.1.1.3.1.3.1.3.9.2
SRR3271922_snippy : 1.1.1.3.1.3.1.3.9.2
SRR1514991_snippy : 1.1.1.3.1.3.1.3.9.2
SRR5804728_snippy : 1.1.1.3.1.3.1.3.9.2
SRR1503316_snippy : 1.1.1.3.1.3.1.3.9.2
SRR1182707_snippy : 1.1.1.3.1.3.1.3.9.2
SRR1503313_snippy : 1.1.1.3.1.3.1.3.9.2
SRR3271923_snippy : 1.1.1.3.1.3.1.3.9.2
SRR1695734_snippy : 1.1.1.3.1.3.1.3.9.2
SRR1849404_snippy : 1.1.1.3.1.3.1.3.9.2
SRR5307880_snippy : 1.1.1.3.1.3.1.3.9.2
SRR5646583_snippy : 1.1.1.3.1.3.1.3.9.2
SRR5501034_snippy : 1.1.1.3.1.3.1.3.9.2
SRR1166605_snippy : 1.1.1.3.1.3.1.3.9.2
SRR1695742_snippy : 1.1.1.3.1.3.1.3.9.2
SRR2087760_snippy : 1.1.1.3.1.3.1.3.9.2
SRR6286463_snippy : 1.1.1.3.1.3.1.3.9.2
SRR1695767_snippy : 1.1.1.3.1.3.1.3.9.2
SRR2074983_snippy : 1.1.1.3.1.3.1.3.9.2
SRR1918985_snippy : 1.1.1.3.1.3.1.3.9.2
SRR2074978_snippy : 1.1.1.3.1.3.1.3.9.2
SRR7081928_snippy : 1.1.1.3.1.3.1.3.9.2
SRR2075074_snippy : 1.1.1.3.1.3.1.3.9.2
SRR2075088_snippy : 1.1.1.3.1.3.1.3.9.2
SRR7182341_snippy : 1.1.1.3.1.3.1.3.9.2
SRR2075337_snippy : 1.1.1.3.1.3.1.3.9.2
SRR7030769_snippy : 1.1.1.3.1.3.1.3.9.2
SRR7082814_snippy : 1.1.1.3.1.3.1.3.9.2
SRR7180875_snippy : 1.1.1.3.1.3.1.3.9.2
SRR7081941_snippy : 1.1.1.3.1.3.1.3.9.2
SRR2075152_snippy : 1.1.1.3.1.3.1.3.9.2
SRR7527835_snippy : 1.1.1.3.1.3.1.3.9.2
SRR7132635_snippy : 1.1.1.3.1.3.1.3.9.2
SRR5438432_snippy : 1.1.1.3.1.3.1.3.9.2
SRR2156577_snippy : 1.1.1.3.1.3.1.3.9.2
SRR1695747_snippy : 1.1.1.3.1.3.1.3.9.2
SRR1720449_snippy : 1.1.1.3.1.3.1.3.9.2
SRR2075101_snippy : 1.1.1.3.1.3.1.3.9.2
SRR1805622_snippy : 1.1.1.3.1.3.1.3.9.2
SRR1970577_snippy : 1.1.1.3.1.3.1.3.9.2
SRR2121397_snippy : 1.1.1.3.1.3.1.3.9.2
SRR4044932_snippy : 1.1.1.3.1.3.1.3.9.2
SRR5379140_snippy : 1.1.1.3.1.3.1.3.9.2
SRR1849366_snippy : 1.1.1.3.1.3.1.3.9.2
SRR1695753_snippy : 1.1.1.3.1.3.1.3.9.2
SRR1965255_snippy : 1.1.1.3.1.3.1.3.9.2
SRR1264966_snippy : 1.1.1.3.1.3.1.3.9.2
SRR5576564_snippy : 1.1.1.3.1.3.1.3.9.2
SRR2124504_snippy : 1.1.1.3.1.3.1.3.9.2
SRR5055956_snippy : 1.1.1.3.1.3.1.3.9
SRR5236391_snippy : 1.1.1.3.1.3.1.3.9
SRR5236378_snippy : 1.1.1.3.1.3.1.3.9
SRR5239200_snippy : 1.1.1.3.1.3.1.3.9
SRR1686570_snippy : 1.1.1.3.1.3.1.3.9
SRR7010969_snippy : 1.1.1.3.1.3.1.3.9
SRR6158453_snippy : 1.1.1.3.1.3.1.3
SRR7504425_snippy : 1.1.1.3.1.3.1.3
SRR7119011_snippy : 1.1.1.3.1.3.1.3
SRR1686500_snippy : 1.1.1.3.1.3.1.3
SRR1122576_snippy : 1.1.1.3.1.3.1.3
SRR1695743_snippy : 1.1.1.3.1.3.1.3.7
SRR2075044_snippy : 1.1.1.3.1.3.1.3.7
SRR1774060_snippy : 1.1.1.3.1.3.1.3.7
SRR2075150_snippy : 1.1.1.3.1.3.1.3.7
SRR1849370_snippy : 1.1.1.3.1.3.1.3.7
SRR2156600_snippy : 1.1.1.3.1.3.1.3.7
SRR5599703_snippy : 1.1.1.3.1.3.1.3.7
SRR1220731_snippy : 1.1.1.3.1.3.1.3
SRR1981682_snippy : 1.1.1.3.1.3.1.3.8
SRR2152999_snippy : 1.1.1.3.1.3.1.3.8
SRR2156510_snippy : 1.1.1.3.1.3.1.3.8
SRR5447652_snippy : 1.1.1.3.1.3.1.3.8
SRR6879238_snippy : 1.1.1.3.1.3.1.3.8
SRR3028748_snippy : 1.1.1.3.1.3.1.3
SRR3028751_snippy : 1.1.1.3.1.3.1.3
SRR3122701_snippy : 1.1.1.3.1.3.1.3
SRR1814288_snippy : 1.1.1.3.1.3.1.3
SRR2075014_snippy : 1.1.1.3.1.3.1.3
SRR2121403_snippy : 1.1.1.3.1.3.1.3
SRR5742165_snippy : 1.1.1.3.1.3.1.3
SRR2163262_snippy : 1.1.1.3.1.3.1.3
SRR6682136_snippy : 1.1.1.3.1.3.1.3
SRR1774054_snippy : 1.1.1.3.1.3.1.3
SRR6029283_snippy : 1.1.1.3.1.3.1.3
SRR1840641_snippy : 1.1.1.3.1.3.1.3
SRR2156632_snippy : 1.1.1.3.1.3.1.3
SRR2759141_snippy : 1.1.1.3.1.3.1.3
SRR7412437_snippy : 1.1.1.3.1.3.1.3
SRR1695768_snippy : 1.1.1.3.1.3.1.3.6.2
SRR2121402_snippy : 1.1.1.3.1.3.1.3.6.2
SRR5645347_snippy : 1.1.1.3.1.3.1.3.6.2
SRR6932932_snippy : 1.1.1.3.1.3.1.3.6.2
SRR7247766_snippy : 1.1.1.3.1.3.1.3.6.2
SRR5188697_snippy : 1.1.1.3.1.3.1.3.6
SRR1840650_snippy : 1.1.1.3.1.3.1.3.6
SRR1923643_snippy : 1.1.1.3.1.3.1.3.6
SRR1258629_snippy : 1.1.1.3.1.3.1.3
SRR1258630_snippy : 1.1.1.3.1.3.1.3
SRR3622937_snippy : 1.1.1.3.1.3.1.3
SRR7132619_snippy : 1.1.1.3.1.3.1.3
SRR1774062_snippy : 1.1.1.3.1.3.1
SRR6667881_snippy : 1.1.1.3.1.3.1
SRR1258583_snippy : 1.1.1.3.1.3.1
SRR5647012_snippy : 1.1.1.3.1.3.1
SRR7193857_snippy : 1.1.1.3.1.3.1
SRR1122727_snippy : 1.1.1.3.1.3
SRR1292268_snippy : 1.1.1.3.1.3
ERR2719910_snippy : 1.1.1.3.1
SRR7028147_snippy : 1.1.1.3.1
SRR1060671_snippy : 1.1.1.3.1
SRR4418379_snippy : 1.1.1.3.1
SRR1029576_snippy : 1.1.1.3.1.2.9
SRR3490010_snippy : 1.1.1.3.1.2.9
SRR2407550_snippy : 1.1.1.3.1.2.9
SRR3665076_snippy : 1.1.1.3.1.2.9
SRR5573110_snippy : 1.1.1.3.1.2.9
SRR2566891_snippy : 1.1.1.3.1.2.9
SRR1686668_snippy : 1.1.1.3.1.2.9
SRR1686669_snippy : 1.1.1.3.1.2.9
SRR2567174_snippy : 1.1.1.3.1.2.9
SRR2096539_snippy : 1.1.1.3.1.2.9
SRR1122656_snippy : 1.1.1.3.1.2.9
SRR2156635_snippy : 1.1.1.3.1.2.9
SRR1177596_snippy : 1.1.1.3.1.2.9
SRR1686648_snippy : 1.1.1.3.1.2.9
SRR2050978_snippy : 1.1.1.3.1.2.9.5
SRR5229174_snippy : 1.1.1.3.1.2.9.5
SRR6367350_snippy : 1.1.1.3.1.2.9.5
SRR6848186_snippy : 1.1.1.3.1.2.9.5
SRR5760695_snippy : 1.1.1.3.1.2.9.5
SRR7175209_snippy : 1.1.1.3.1.2.9.5
SRR2239955_snippy : 1.1.1.3.1.2.9.5
SRR4044576_snippy : 1.1.1.3.1.2.9.5
SRR3057190_snippy : 1.1.1.3.1.2.9.5.10
SRR5235751_snippy : 1.1.1.3.1.2.9.5.10
SRR3932982_snippy : 1.1.1.3.1.2.9.5.10
SRR5034613_snippy : 1.1.1.3.1.2.9.5.10
SRR5120886_snippy : 1.1.1.3.1.2.9.5.10
SRR7065427_snippy : 1.1.1.3.1.2.9.5.10
SRR2407600_snippy : 1.1.1.3.1.2.9.5.9
SRR3574518_snippy : 1.1.1.3.1.2.9.5.9
SRR5297318_snippy : 1.1.1.3.1.2.9.5.9
SRR6495763_snippy : 1.1.1.3.1.2.9.5.9
SRR6902668_snippy : 1.1.1.3.1.2.9.5.9
SRR7246303_snippy : 1.1.1.3.1.2.9.5.9
SRR7634296_snippy : 1.1.1.3.1.2.9.5.9
SRR7179554_snippy : 1.1.1.3.1.2.9.5
SRR1793262_snippy : 1.1.1.3.1.2.9
SRR1185791_snippy : 1.1.1.3.1.2
SRR1686603_snippy : 1.1.1.3.1.2
SRR1686652_snippy : 1.1.1.3.1.2
SRR1914403_snippy : 1.1.1.3.1.2
SRR1181521_snippy : 1.1.1.3.1.2
SRR1248951_snippy : 1.1.1.3.1.2
SRR3664973_snippy : 1.1.1.3.1.2
SRR1200753_snippy : 1.1.1.3.1.2.6
SRR1805580_snippy : 1.1.1.3.1.2.6.9
SRR1946977_snippy : 1.1.1.3.1.2.6.9
SRR4101369_snippy : 1.1.1.3.1.2.6.9
SRR1812871_snippy : 1.1.1.3.1.2.6.9.3
SRR1976271_snippy : 1.1.1.3.1.2.6.9.3
SRR3930238_snippy : 1.1.1.3.1.2.6.9.3
SRR5081554_snippy : 1.1.1.3.1.2.6.9.3
SRR7085325_snippy : 1.1.1.3.1.2.6.9.3
SRR2407565_snippy : 1.1.1.3.1.2.6.9
SRR1909001_snippy : 1.1.1.3.1.2.6
SRR3096063_snippy : 1.1.1.3.1.2.6
SRR4044600_snippy : 1.1.1.3.1.2.6
SRR6650851_snippy : 1.1.1.3.1.2
SRR1185798_snippy : 1.1.1.3.1.2.4
SRR1263436_snippy : 1.1.1.3.1.2.4
SRR1686653_snippy : 1.1.1.3.1.2.4
SRR3665091_snippy : 1.1.1.3.1.2.4
SRR1777690_snippy : 1.1.1.3.1.2.4
SRR1686661_snippy : 1.1.1.3.1.2.4
SRR2125859_snippy : 1.1.1.3.1.2.4
SRR3665226_snippy : 1.1.1.3.1.2.4
SRR2156502_snippy : 1.1.1.3.1.2.4
SRR1686655_snippy : 1.1.1.3.1.2
SRR1805628_snippy : 1.1.1.3.1.2
SRR2085688_snippy : 1.1.1.3.1.2
SRR3555085_snippy : 1.1.1.3.1.2
SRR7182343_snippy : 1.1.1.3.1.2
SRR1067612_snippy : 1.1.1.3.1.2.7.6.9
SRR2532718_snippy : 1.1.1.3.1.2.7.6.9
SRR1816140_snippy : 1.1.1.3.1.2.7.6.9
SRR2566944_snippy : 1.1.1.3.1.2.7.6.9
SRR2025315_snippy : 1.1.1.3.1.2.7.6.9
SRR5110770_snippy : 1.1.1.3.1.2.7.6.9
SRR6663590_snippy : 1.1.1.3.1.2.7.6.9
SRR1299299_snippy : 1.1.1.3.1.2.7.6
SRR5235470_snippy : 1.1.1.3.1.2.7.6
SRR6107646_snippy : 1.1.1.3.1.2.7.6
SRR6107916_snippy : 1.1.1.3.1.2.7.6
SRR6107938_snippy : 1.1.1.3.1.2.7.6
SRR1122510_snippy : 1.1.1.3.1.2.7
SRR3593754_snippy : 1.1.1.3.1.2.7
SRR6902891_snippy : 1.1.1.3.1.2.7
SRR1556099_snippy : 1.1.1.3.1.2
SRR1346278_snippy : 1.1.1.3.1.2
SRR6410897_snippy : 1.1.1.3.1.2
SRR3665291_snippy : 1.1.1.3.1.2
SRR6114317_snippy : 1.1.1.3.1.2
SRR6158642_snippy : 1.1.1.3.1.2
SRR1122513_snippy : 1.1.1.3.1.2
SRR1561713_snippy : 1.1.1.3.1.2
SRR1576555_snippy : 1.1.1.3.1.2
SRR1461791_snippy : 1.1.1.3.1.2.10
SRR5364951_snippy : 1.1.1.3.1.2.10
SRR1686656_snippy : 1.1.1.3.1.2.10
SRR1686658_snippy : 1.1.1.3.1.2.10
SRR2043271_snippy : 1.1.1.3.1.2.10
SRR7182380_snippy : 1.1.1.3.1.2.10
SRR1686477_snippy : 1.1.1.3.1.2
SRR1686478_snippy : 1.1.1.3.1.2
SRR1840648_snippy : 1.1.1.3.1.2
SRR7010961_snippy : 1.1.1.3.1.2
SRR7506679_snippy : 1.1.1.3.1.2
SRR7363561_snippy : 1.1.1.3.1.2
SRR7155454_snippy : 1.1.1.3.1.2
SRR6750506_snippy : 1.1.1.3.1.2
SRR7051555_snippy : 1.1.1.3.1.2
SRR4414086_snippy : 1.1.1.3.1.2
SRR7504421_snippy : 1.1.1.3.1.2
SRR5077994_snippy : 1.1.1.3.1.2
SRR1840699_snippy : 1.1.1.3.1.2
SRR6050663_snippy : 1.1.1.3.1.2
SRR6212303_snippy : 1.1.1.3.1.2
SRR6222552_snippy : 1.1.1.3.1.2
SRR1686619_snippy : 1.1.1.3.1.2
SRR1840639_snippy : 1.1.1.3.1.2
SRR5176608_snippy : 1.1.1.3.1.2
SRR1158050_snippy : 1.1.1.3.1.2.8
SRR3295904_snippy : 1.1.1.3.1.2.8
SRR1448924_snippy : 1.1.1.3.1.2.8
SRR1556061_snippy : 1.1.1.3.1.2.8
SRR6213018_snippy : 1.1.1.3.1.2.8
SRR4450054_snippy : 1.1.1.3.1.2
SRR1269356_snippy : 1.1.1.3.1.2.5
SRR3096106_snippy : 1.1.1.3.1.2.5
SRR5120031_snippy : 1.1.1.3.1.2.5
SRR5230327_snippy : 1.1.1.3.1.2.5
SRR5291650_snippy : 1.1.1.3.1.2.5
SRR6335182_snippy : 1.1.1.3.1.2.5
SRR7426089_snippy : 1.1.1.3.1.2.5
SRR6879594_snippy : 1.1.1.3.1.2.5
SRR7167117_snippy : 1.1.1.3.1.2.5
SRR2566929_snippy : 1.1.1.3.1.2.5.8
SRR3392121_snippy : 1.1.1.3.1.2.5.8
SRR6411124_snippy : 1.1.1.3.1.2.5.8
SRR3392129_snippy : 1.1.1.3.1.2.5.8
SRR6411039_snippy : 1.1.1.3.1.2.5.8
SRR3392169_snippy : 1.1.1.3.1.2.5.8
SRR3407241_snippy : 1.1.1.3.1.2.5.8
SRR1528521_snippy : 1.1.1.3.1.2
SRR1773837_snippy : 1.1.1.3.1.2
SRR1840649_snippy : 1.1.1.3.1.2
SRR2070985_snippy : 1.1.1.3.1.2
SRR1562591_snippy : 1.1.1.3.1.2
SRR6497917_snippy : 1.1.1.3.1.2
SRR1195696_snippy : 1.1.1.3.1.2.2
SRR2407587_snippy : 1.1.1.3.1.2.2
SRR5409216_snippy : 1.1.1.3.1.2.2
SRR950673_snippy : 1.1.1.3.1.2.2
SRR1206085_snippy : 1.1.1.3.1.2.2.4
SRR1206090_snippy : 1.1.1.3.1.2.2.4
SRR2759142_snippy : 1.1.1.3.1.2.2.4
SRR2132208_snippy : 1.1.1.3.1.2.2.4
SRR1206086_snippy : 1.1.1.3.1.2.2.4
SRR1973974_snippy : 1.1.1.3.1.2.2.4
SRR2567137_snippy : 1.1.1.3.1.2.2.4
SRR1796078_snippy : 1.1.1.3.1.2.2.4
SRR2566914_snippy : 1.1.1.3.1.2.2.4
SRR5230182_snippy : 1.1.1.3.1.2.2.4
SRR2017873_snippy : 1.1.1.3.1.2.2
SRR1203013_snippy : 1.1.1.3.1.2.3.1
SRR3223155_snippy : 1.1.1.3.1.2.3.1
SRR1553842_snippy : 1.1.1.3.1.2.3.1
SRR1752888_snippy : 1.1.1.3.1.2.3.1
SRR6881191_snippy : 1.1.1.3.1.2.3.1
SRR1801549_snippy : 1.1.1.3.1.2.3
SRR2082862_snippy : 1.1.1.3.1.2.3
SRR7132611_snippy : 1.1.1.3.1.2.3
SRR3115192_snippy : 1.1.1.3.1.2.3
SRR7167131_snippy : 1.1.1.3.1.2.3
SRR6109132_snippy : 1.1.1.3.1.2.3
SRR6107243_snippy : 1.1.1.3.1.2.3
SRR7010953_snippy : 1.1.1.3.1.2
SRR1840716_snippy : 1.1.1.3.1.2
SRR1122726_snippy : 1.1.1.3.1
SRR6881192_snippy : 1.1.1.3.1
ERR351248_snippy : 1.1.1.3.1.4.1.5
SRR1637065_snippy : 1.1.1.3.1.4.1.5
SRR1791383_snippy : 1.1.1.3.1.4.1.5
SRR1233924_snippy : 1.1.1.3.1.4.1.5
SRR2533324_snippy : 1.1.1.3.1.4.1.5
SRR1946915_snippy : 1.1.1.3.1.4.1.5
SRR1544283_snippy : 1.1.1.3.1.4.1
SRR1122496_snippy : 1.1.1.3.1.4.1
SRR1334482_snippy : 1.1.1.3.1.4.1
SRR3223153_snippy : 1.1.1.3.1.4.1
SRR1951882_snippy : 1.1.1.3.1.4.1
SRR6881292_snippy : 1.1.1.3.1.4.1
SRR1735398_snippy : 1.1.1.3.1.4.1
SRR1299357_snippy : 1.1.1.3.1.4.1
SRR1840640_snippy : 1.1.1.3.1.4.1
SRR1574278_snippy : 1.1.1.3.1.4.1
SRR1820091_snippy : 1.1.1.3.1.4.1
SRR1200634_snippy : 1.1.1.3.1.4.1
SRR5241830_snippy : 1.1.1.3.1.4.1
SRR3136893_snippy : 1.1.1.3.1.4.1
SRR2002485_snippy : 1.1.1.3.1.4.1
SRR2533323_snippy : 1.1.1.3.1.4.1
SRR3028788_snippy : 1.1.1.3.1.4
SRR5241841_snippy : 1.1.1.3.1.4
SRR5241847_snippy : 1.1.1.3.1.4
SRR1300555_snippy : 1.1.1.3.1.4
SRR2648769_snippy : 1.1.1.3.1.4
SRR6881291_snippy : 1.1.1.3.1.4
SRR1106396_snippy : 1.1.1.3.1
SRR1106561_snippy : 1.1.1.3.1
SRR1060537_snippy : 1.1.1.3.1.5
SRR3665244_snippy : 1.1.1.3.1.5
SRR1997790_snippy : 1.1.1.3.1.5
SRR1258651_snippy : 1.1.1.3.1.5
SRR1849386_snippy : 1.1.1.3.1.5
SRR6881187_snippy : 1.1.1.3.1.5
SRR1200759_snippy : 1.1.1.3.1.5.1
SRR1686579_snippy : 1.1.1.3.1.5.1
SRR1814408_snippy : 1.1.1.3.1.5.1
SRR1996183_snippy : 1.1.1.3.1.5.1
SRR3057206_snippy : 1.1.1.3.1.5.1
SRR2566902_snippy : 1.1.1.3.1.5
SRR1840575_snippy : 1.1.1.3.1
SRR5239223_snippy : 1.1.1.3.1
SRR1141126_snippy : 1.1.1.3.1.1
SRR6051526_snippy : 1.1.1.3.1.1
SRR2407588_snippy : 1.1.1.3.1.1
SRR4280567_snippy : 1.1.1.3.1.1
SRR7653357_snippy : 1.1.1.3.1.1
SRR3932974_snippy : 1.1.1.3.1.1
SRR2533436_snippy : 1.1.1.3.1.1
SRR2571881_snippy : 1.1.1.3.1.1
SRR1300639_snippy : 1.1.1.3.1.1
SRR3028787_snippy : 1.1.1.3.1
SRR5944128_snippy : 1.1.1.3.1
SRR7223241_snippy : 1.1.1.3.1
SRR1815272_snippy : 1.1.1.3.2
SRR2053356_snippy : 1.1.1.3.2
SRR2096608_snippy : 1.1.1.3.2
SRR5574775_snippy : 1.1.1.3.2
SRR2175311_snippy : 1.1.1.3.2.1
SRR4113487_snippy : 1.1.1.3.2.1
SRR4176685_snippy : 1.1.1.3.2.1.2
SRR5605860_snippy : 1.1.1.3.2.1.2
SRR6902728_snippy : 1.1.1.3.2.1.2
SRR7081938_snippy : 1.1.1.3.2.1.2
SRR4176774_snippy : 1.1.1.3.2.1.2
SRR6878849_snippy : 1.1.1.3.2.1.2
SRR4294989_snippy : 1.1.1.3.2.1.2
SRR4295051_snippy : 1.1.1.3.2.1.2
SRR4450049_snippy : 1.1.1.3.2.1
SRR7413790_snippy : 1.1.1.3.2.1
SRR6484717_snippy : 1.1.1.3.2.1
SRR5249503_snippy : 1.1.1.3.2.1
SRR5207260_snippy : 1.1.1.3.2
SRR6160859_snippy : 1.1.1.3.2
SRR3000032_snippy : 1.1.1.3.2
SRR5817389_snippy : 1.1.1.3
ERR1797558_snippy : 1.1.1.4.1
SRR5874812_snippy : 1.1.1.4.1
SRR1645238_snippy : 1.1.1.4.1
SRR1958488_snippy : 1.1.1.4.1
SRR5605943_snippy : 1.1.1.4.1
SRR1959236_snippy : 1.1.1.4.1
ERR212629_snippy : 1.1.1.4.1
SRR6703679_snippy : 1.1.1.4.1
ERR212581_snippy : 1.1.1.4.2
SRR1968660_snippy : 1.1.1.4.2
SRR5413710_snippy : 1.1.1.4.2
SRR5632789_snippy : 1.1.1.4.2
SRR7215970_snippy : 1.1.1.4.2
SRR3223824_snippy : 1.1.1.4
ERR217441_snippy : 1.1.1.2
ERR2525479_snippy : 1.1.1.2.1.2
SRR6514392_snippy : 1.1.1.2.1.2
SRR1959305_snippy : 1.1.1.2.1.2
SRR6324280_snippy : 1.1.1.2.1.2
SRR6060366_snippy : 1.1.1.2.1.2
SRR4243099_snippy : 1.1.1.2.1.2
SRR1960377_snippy : 1.1.1.2.1
SRR6117274_snippy : 1.1.1.2.1
SRR2960772_snippy : 1.1.1.2.1
SRR4123975_snippy : 1.1.1.2.1
SRR6207756_snippy : 1.1.1.2
SRR5583242_snippy : 1.1.1
ERR230402_snippy : 1.1.1.1
SRR1815486_snippy : 1.1.1.1
SRR1958010_snippy : 1.1.1.1
ERR304805_snippy : 1.1.1.1.2
SRR1060668_snippy : 1.1.1.1.2
SRR1821278_snippy : 1.1.1.1.2
SRR2040616_snippy : 1.1.1.1.2
SRR3057153_snippy : 1.1.1.1.2
SRR2585414_snippy : 1.1.1.1.2
SRR5382730_snippy : 1.1.1.1.2
SRR5756407_snippy : 1.1.1.1.2
SRR1965133_snippy : 1.1.1.1.2
SRR1966224_snippy : 1.1.1.1.2
SRR3322611_snippy : 1.1.1.1.2
SRR6324198_snippy : 1.1.1.1.2
SRR3322118_snippy : 1.1.1.1.2
SRR1968439_snippy : 1.1.1.1
SRR3049336_snippy : 1.1.1.1
SRR4896375_snippy : 1.1.1
SRR1963364_snippy : 1.1
SRR1968497_snippy : 1.1
SRR7089252_snippy : 1.1
SRR7456869_snippy : 1.1
ERR1816688_snippy : 1.2
SRR1960272_snippy : 1.2
SRR5434453_snippy : 1.2
SRR1967971_snippy : 1.2
SRR4044605_snippy : 1.2
SRR6760433_snippy : 1.2
SRR5585049_snippy : 1.2
SRR5336286_snippy : 1.2
SRR5955291_snippy : 1.2
SRR7451149_snippy : 1.2
SRR6984227_snippy : 1.2
SRR7402016_snippy : 1.2
SRR7081876_snippy : 1.2
SRR7349311_snippy : 0
SRR1693626_snippy : 0
SRR7262789_snippy : 0
ERR2719897_snippy : 0
SRR1060665_snippy : 0
SRR7188016_snippy : 0
ERR2719701_snippy : 0
ERR2759807_snippy : 0
SRR1060670_snippy : 0
SRR1302841_snippy : 0
SRR1960209_snippy : 0
SRR1060666_snippy : 0
SRR1953052_snippy : 0
SRR7300239_snippy : 0
SRR1060667_snippy : 0
SRR1060669_snippy : 0
SRR1966547_snippy : 0
ERR1251772_snippy : 0
