134498	2.1.1.1	TCTATATTGATGGCAAATTTGGTCGCGGCGG
negative134498	2.1.1.1	TCTATATTGATGGCACATTTGGTCGCGGCGG
1385910	2.1.1.1	GTCGGCGCGTCTGGCGACCATCGGCCCAGCG
negative1385910	2.1.1.1	GTCGGCGCGTCTGGCAACCATCGGCCCAGCG
1453858	2.1.1.1	GCGGCATTCTGAACTGTGTGACTAAGCGTGC
negative1453858	2.1.1.1	GCGGCATTCTGAACTTTGTGACTAAGCGTGC
2826857	2.1.1.1	TACCGACGATTCTAATCAGCGACGATGAACA
negative2826857	2.1.1.1	TACCGACGATTCTAAACAGCGACGATGAACA
4011775	2.1.1.1	CAATTGCCCTTTTAATGCATAAAAACGCCCT
negative4011775	2.1.1.1	CAATTGCCCTTTTAAGGCATAAAAACGCCCT
4125425	2.1.1.1	GCCGCGTGTATGAAGCAGGCCTTCGGGTTGT
negative4125425	2.1.1.1	GCCGCGTGTATGAAGAAGGCCTTCGGGTTGT
142015	2	CGCGTCTACGAGAAGACGAAAGTGTGCGTAG
negative142015	2	CGCGTCTACGAGAAGGCGAAAGTGTGCGTAG
201002	2	CCGCAACCGGAGTGGGCGCAAATGATAATAT
negative201002	2	CCGCAACCGGAGTGGCCGCAAATGATAATAT
409458	2	CTTAATCTTAGCGTGCAATTCGTGCGTAAGC
negative409458	2	CTTAATCTTAGCGTGTAATTCGTGCGTAAGC
3320567	2	AGCTGAAACTTCTTGGCACCCGTGGTAAGGA
negative3320567	2	AGCTGAAACTTCTTGTCACCCGTGGTAAGGA
3454053	2	GAAATCCGCCCGGGCGCCGTCATTCCGGTCG
negative3454053	2	GAAATCCGCCCGGGCTCCGTCATTCCGGTCG
3582282	2	CACGGCATTGACCCGTTAGGTATTTTCCGTG
negative3582282	2	CACGGCATTGACCCGGTAGGTATTTTCCGTG
3744675	2	CAGCGTTCGAGCAGATTATTTCCGCCCTTGC
negative3744675	2	CAGCGTTCGAGCAGAATATTTCCGCCCTTGC
3805671	2	TGTTATTTAATTTAAACATTTCATTCTTTTT
negative3805671	2	TGTTATTTAATTTAACCATTTCATTCTTTTT
251201	2.1.1.1.1	TGGTCAGTATTAATGGAGAAGGTAGCACCAC
negative251201	2.1.1.1.1	TGGTCAGTATTAATGTAGAAGGTAGCACCAC
431231	2.1.1.1.1	CGTTAAGGTAAAGAATAGTGTTCAGATTTAC
negative431231	2.1.1.1.1	CGTTAAGGTAAAGAAAAGTGTTCAGATTTAC
584496	2.1.1.1.1	ATGACGCTGCATGGCTGCAATGGCGTACCGC
negative584496	2.1.1.1.1	ATGACGCTGCATGGCGGCAATGGCGTACCGC
765152	2.1.1.1.1	TGCGCTATCGCGATGCAGACCTTTCCTATTT
negative765152	2.1.1.1.1	TGCGCTATCGCGATGAAGACCTTTCCTATTT
1058273	2.1.1.1.1	GCGGTCCAAAACTCCAGTGTAGCAAAATCGC
negative1058273	2.1.1.1.1	GCGGTCCAAAACTCCGGTGTAGCAAAATCGC
1989380	2.1.1.1.1	CCTGTAAGCGTTTTAGGTCTGATGGACGCAA
negative1989380	2.1.1.1.1	CCTGTAAGCGTTTTACGTCTGATGGACGCAA
2362706	2.1.1.1.1	AGTGGCCGCCATCCATATAGCCGTAACCAGC
negative2362706	2.1.1.1.1	AGTGGCCGCCATCCAGATAGCCGTAACCAGC
364883	2.1.1.1.1.1	CCAGTGAAATTTCTGACGAAGATCGCCTCCG
negative364883	2.1.1.1.1.1	CCAGTGAAATTTCTGGCGAAGATCGCCTCCG
690321	2.1.1.1.1.1	ATTCGCAAAGCTGGCCGGGAGGACGTGGTCA
negative690321	2.1.1.1.1.1	ATTCGCAAAGCTGGCGGGGAGGACGTGGTCA
2053082	2.1.1.1.1.1	AGGTTGATGATGAGCAGGGTAATTTCGACTA
negative2053082	2.1.1.1.1.1	AGGTTGATGATGAGCTGGGTAATTTCGACTA
2131988	2.1.1.1.1.1	AGAACCGCTGCCTGTGCAGCGCCCTGCTGAC
negative2131988	2.1.1.1.1.1	AGAACCGCTGCCTGTACAGCGCCCTGCTGAC
2464808	2.1.1.1.1.1	TCACATCCGCCGCGCAGGTAAGCAGTCCGTC
negative2464808	2.1.1.1.1.1	TCACATCCGCCGCGCGGGTAAGCAGTCCGTC
2536987	2.1.1.1.1.1	CGAAGAAAATATTCATATGTCGAACCTGCAT
negative2536987	2.1.1.1.1.1	CGAAGAAAATATTCAGATGTCGAACCTGCAT
3057030	2.1.1.1.1.1	GATTAATCCGCCGCCACGGGCGATTCTTTCC
negative3057030	2.1.1.1.1.1	GATTAATCCGCCGCCGCGGGCGATTCTTTCC
3338107	2.1.1.1.1.1	GGCCGTCGGTCTGGGTTTTGCCCTGCGTCAT
negative3338107	2.1.1.1.1.1	GGCCGTCGGTCTGGGATTTGCCCTGCGTCAT
3420591	2.1.1.1.1.1	CCGGCGACAAAATCAACTACCTGGTGAAAGA
negative3420591	2.1.1.1.1.1	CCGGCGACAAAATCACCTACCTGGTGAAAGA
504099	2.1.1.1.1.1.1	AATACCGTTAGCGTCGATCAGGAAAGAGCCG
negative504099	2.1.1.1.1.1.1	AATACCGTTAGCGTCAATCAGGAAAGAGCCG
701871	2.1.1.1.1.1.1	CGTCCTGTTATTAATTAAGTTAATGCTTCTC
negative701871	2.1.1.1.1.1.1	CGTCCTGTTATTAATAAAGTTAATGCTTCTC
2348591	2.1.1.1.1.1.1	GCCCCAGCGCCAGCCTCGCCATCTCCTCCTC
negative2348591	2.1.1.1.1.1.1	GCCCCAGCGCCAGCCGCGCCATCTCCTCCTC
2993582	2.1.1.1.1.1.1	CGTTCTCTTTTTCATAGGCCAGGATGTCCAG
negative2993582	2.1.1.1.1.1.1	CGTTCTCTTTTTCATCGGCCAGGATGTCCAG
3013095	2.1.1.1.1.1.1	CCGCTGAGAAATCAGATCTGTTTGTGTGACC
negative3013095	2.1.1.1.1.1.1	CCGCTGAGAAATCAGCTCTGTTTGTGTGACC
4213799	2.1.1.1.1.1.1	CGGCGGTAAAAAACTACCTGAACGTGAAGCA
negative4213799	2.1.1.1.1.1.1	CGGCGGTAAAAAACTGCCTGAACGTGAAGCA
4620822	2.1.1.1.1.1.1	TGCGATGGCCATCAGCATGACCGGGATCACG
negative4620822	2.1.1.1.1.1.1	TGCGATGGCCATCAGAATGACCGGGATCACG
546453	2.1	GCGGTGTGGCGCATCGTGCCAGCATAAACAG
negative546453	2.1	GCGGTGTGGCGCATCCTGCCAGCATAAACAG
1263828	2.1	ATGTCGATTTTGCAGGCCATGCAGAGCGCGG
negative1263828	2.1	ATGTCGATTTTGCAGTCCATGCAGAGCGCGG
1729883	2.1	TTTGCTAACCTGGCGCTTGCTGTCGCTTATC
negative1729883	2.1	TTTGCTAACCTGGCGATTGCTGTCGCTTATC
2212109	2.1	GCCAACGTTCATGAACGTTTAATGGATGAAA
negative2212109	2.1	GCCAACGTTCATGAAAGTTTAATGGATGAAA
2873003	2.1	AAATAGCGCTCAGGGGGTCGCCTGATTTTAC
negative2873003	2.1	AAATAGCGCTCAGGGTGTCGCCTGATTTTAC
2873721	2.1	CAGGTTGATATTTATCTTAGAATTAACTAAA
negative2873721	2.1	CAGGTTGATATTTATTTTAGAATTAACTAAA
2968440	2.1	CGAATCCACTTCATGCGGCTGTTGCAATAGC
negative2968440	2.1	CGAATCCACTTCATGTGGCTGTTGCAATAGC
3441275	2.1	GACTACGGTCTGAGCCTCGGCCATGCCGCGA
negative3441275	2.1	GACTACGGTCTGAGCGTCGGCCATGCCGCGA
3686778	2.1	CGCTATCAGGAAGAAGACGCCGCCTATCGCC
negative3686778	2.1	CGCTATCAGGAAGAACACGCCGCCTATCGCC
970917	2.1.1	TTAAAGTTGATGAGCGAGCAAGAAGGAAAGC
negative970917	2.1.1	TTAAAGTTGATGAGCCAGCAAGAAGGAAAGC
1877193	2.1.1	GATAATAATATCGGCTTCCTGCAAACGGGCG
negative1877193	2.1.1	GATAATAATATCGGCATCCTGCAAACGGGCG
2275973	2.1.1	CACCCGGCGGATCGCTTCTTTCGCGCCAATG
negative2275973	2.1.1	CACCCGGCGGATCGCCTCTTTCGCGCCAATG
2522232	2.1.1	GAAAACATCAATAAACCGTATCAGATCACTG
negative2522232	2.1.1	GAAAACATCAATAAAGCGTATCAGATCACTG
2706865	2.1.1	GAAAATAGCGATGAGGTCGATAATTCATCAA
negative2706865	2.1.1	GAAAATAGCGATGAGATCGATAATTCATCAA
2745655	2.1.1	GATGATAATGCCGGGCTCGTTAACCCGGCAT
negative2745655	2.1.1	GATGATAATGCCGGGTTCGTTAACCCGGCAT
3410081	2.1.1	AACTTCAGCGAACTCTATAGTTTCGCCAGTT
negative3410081	2.1.1	AACTTCAGCGAACTCGATAGTTTCGCCAGTT
4363217	2.1.1	GACCATAAGTGGGGACAACATAACTTGAGGG
negative4363217	2.1.1	GACCATAAGTGGGGATAACATAACTTGAGGG
2345383	2.1.1.1.1.1.1.1	TACCTCACCCATAACTGTTTTTACCGCCTTT
negative2345383	2.1.1.1.1.1.1.1	TACCTCACCCATAACGGTTTTTACCGCCTTT
2953123	2.1.1.1.1.1.1.1	CGTGGCCTGTACCGGTTTGCCGATAATGCTC
negative2953123	2.1.1.1.1.1.1.1	CGTGGCCTGTACCGGCTTGCCGATAATGCTC
3112402	2.1.1.1.1.1.1.1	TTTTCCGAGGTATCGTGCAGCATACGCAGCA
negative3112402	2.1.1.1.1.1.1.1	TTTTCCGAGGTATCGCGCAGCATACGCAGCA
3243198	2.1.1.1.1.1.1.1	AACAGCTATTGCAGAGTGGCGCGAAAGCCAC
negative3243198	2.1.1.1.1.1.1.1	AACAGCTATTGCAGAATGGCGCGAAAGCCAC
4003406	2.1.1.1.1.1.1.1	CGAGAAGCCGCAGATAACGCTGGCAATAATC
negative4003406	2.1.1.1.1.1.1.1	CGAGAAGCCGCAGATGACGCTGGCAATAATC
4086032	2.1.1.1.1.1.1.1	GAGGAACTGGTGACGTCGACGCGGCAGTTCA
negative4086032	2.1.1.1.1.1.1.1	GAGGAACTGGTGACGGCGACGCGGCAGTTCA
4453696	2.1.1.1.1.1.1.1	AATTGGGAAGAAATAACTCAGATAGCCGACG
negative4453696	2.1.1.1.1.1.1.1	AATTGGGAAGAAATAGCTCAGATAGCCGACG
4563434	2.1.1.1.1.1.1.1	AAAACAAAAATTCTGTCGTTAAAAGGCGTGG
negative4563434	2.1.1.1.1.1.1.1	AAAACAAAAATTCTGCCGTTAAAAGGCGTGG
