Q	1	1	1	1	1	1	1	1	1	1	1	1
R	1	1	1	1	1	1	1	1	1	1	1	2
O	1	1	1	1	1	1	1	1	1	1	2	3
P	1	1	1	1	1	1	1	1	1	1	2	4
J	1	1	1	1	1	1	1	1	1	2	0	0
I	1	1	1	1	1	1	1	1	2	0	0	0
H	1	1	1	1	1	1	1	2	0	0	0	0
G	1	1	1	1	1	1	2	0	0	0	0	0
S	1	1	1	1	1	2	3	0	0	0	0	0
F	1	1	1	1	1	2	4	0	0	0	0	0
B	1	1	1	1	2	0	0	0	0	0	0	0
C	1	1	1	2	3	0	0	0	0	0	0	0
T	1	1	1	2	4	3	0	0	0	0	0	0
U	1	1	1	2	4	4	0	0	0	0	0	0
M	1	1	2	3	5	5	0	0	0	0	0	0
N	1	1	2	3	5	6	0	0	0	0	0	0
K	1	1	2	3	6	7	0	0	0	0	0	0
L	1	1	2	3	6	8	0	0	0	0	0	0
E	1	1	2	4	0	0	0	0	0	0	0	0
D	1	2	3	0	0	0	0	0	0	0	0	0
V	1	2	4	0	0	0	0	0	0	0	0	0
A	2	0	0	0	0	0	0	0	0	0	0	0
{'position': 366, 'ref_base': 'A', 'alt_base': 'T', 'ref_count': 19, 'alt_count': 3, 'positive_tile': 'positive_tile', 'negative_tile': 'negative_tile', 'group_id': 2, 'rank_id': 3}	ALT-Single
{'position': 507, 'ref_base': 'C', 'alt_base': 'T', 'ref_count': 20, 'alt_count': 2, 'positive_tile': 'positive_tile', 'negative_tile': 'negative_tile', 'group_id': 2, 'rank_id': 1}	ALT-Single
{'position': 684, 'ref_base': 'C', 'alt_base': 'T', 'ref_count': 17, 'alt_count': 5, 'positive_tile': 'positive_tile', 'negative_tile': 'negative_tile', 'group_id': 2, 'rank_id': 2}	ALT-Single
{'position': 816, 'ref_base': 'T', 'alt_base': 'C', 'ref_count': 11, 'alt_count': 11, 'positive_tile': 'positive_tile', 'negative_tile': 'negative_tile', 'group_id': 1, 'rank_id': 3}	ALT-Single
{'position': 945, 'ref_base': 'G', 'alt_base': 'C', 'ref_count': 19, 'alt_count': 3, 'positive_tile': 'positive_tile', 'negative_tile': 'negative_tile', 'group_id': 2, 'rank_id': 3}	ALT-Single
{'position': 963, 'ref_base': 'C', 'alt_base': 'T', 'ref_count': 20, 'alt_count': 2, 'positive_tile': 'positive_tile', 'negative_tile': 'negative_tile', 'group_id': 4, 'rank_id': 4}	ALT-Single
{'position': 305, 'ref_base': 'G', 'alt_base': 'T', 'ref_count': 19, 'alt_count': 3, 'positive_tile': 'positive_tile', 'negative_tile': 'negative_tile', 'group_id': 2, 'rank_id': 3}	ALT-Single
{'position': 359, 'ref_base': 'T', 'alt_base': 'C', 'ref_count': 17, 'alt_count': 5, 'positive_tile': 'positive_tile', 'negative_tile': 'negative_tile', 'group_id': 1, 'rank_id': 8}	ALT-Single
{'position': 515, 'ref_base': 'T', 'alt_base': 'G', 'ref_count': 17, 'alt_count': 5, 'positive_tile': 'positive_tile', 'negative_tile': 'negative_tile', 'group_id': 1, 'rank_id': 8}	ALT-Single
{'position': 605, 'ref_base': 'C', 'alt_base': 'T', 'ref_count': 17, 'alt_count': 5, 'positive_tile': 'positive_tile', 'negative_tile': 'negative_tile', 'group_id': 2, 'rank_id': 2}	ALT-Single
{'position': 2025, 'ref_base': 'A', 'alt_base': 'G', 'ref_count': 17, 'alt_count': 5, 'positive_tile': 'positive_tile', 'negative_tile': 'negative_tile', 'group_id': 2, 'rank_id': 2}	ALT-Single
{'position': 2050, 'ref_base': 'T', 'alt_base': 'G', 'ref_count': 19, 'alt_count': 3, 'positive_tile': 'positive_tile', 'negative_tile': 'negative_tile', 'group_id': 2, 'rank_id': 3}	ALT-Single
{'position': 2379, 'ref_base': 'T', 'alt_base': 'G', 'ref_count': 11, 'alt_count': 11, 'positive_tile': 'positive_tile', 'negative_tile': 'negative_tile', 'group_id': 1, 'rank_id': 3}	ALT-Single
{'position': 2685, 'ref_base': 'C', 'alt_base': 'T', 'ref_count': 19, 'alt_count': 3, 'positive_tile': 'positive_tile', 'negative_tile': 'negative_tile', 'group_id': 2, 'rank_id': 3}	ALT-Single
{'position': 2981, 'ref_base': 'C', 'alt_base': 'T', 'ref_count': 17, 'alt_count': 5, 'positive_tile': 'positive_tile', 'negative_tile': 'negative_tile', 'group_id': 2, 'rank_id': 2}	ALT-Single
{'position': 3115, 'ref_base': 'T', 'alt_base': 'C', 'ref_count': 17, 'alt_count': 5, 'positive_tile': 'positive_tile', 'negative_tile': 'negative_tile', 'group_id': 2, 'rank_id': 2}	ALT-Single
{'position': 3349, 'ref_base': 'T', 'alt_base': 'C', 'ref_count': 17, 'alt_count': 5, 'positive_tile': 'positive_tile', 'negative_tile': 'negative_tile', 'group_id': 2, 'rank_id': 2}	ALT-Single
{'position': 3538, 'ref_base': 'G', 'alt_base': 'A', 'ref_count': 17, 'alt_count': 5, 'positive_tile': 'positive_tile', 'negative_tile': 'negative_tile', 'group_id': 2, 'rank_id': 2}	ALT-Single
{'position': 4801, 'ref_base': 'A', 'alt_base': 'G', 'ref_count': 20, 'alt_count': 2, 'positive_tile': 'positive_tile', 'negative_tile': 'negative_tile', 'group_id': 2, 'rank_id': 5}	ALT-Single
{'position': 5021, 'ref_base': 'C', 'alt_base': 'T', 'ref_count': 19, 'alt_count': 3, 'positive_tile': 'positive_tile', 'negative_tile': 'negative_tile', 'group_id': 2, 'rank_id': 3}	ALT-Single
{'position': 5065, 'ref_base': 'T', 'alt_base': 'G', 'ref_count': 11, 'alt_count': 11, 'positive_tile': 'positive_tile', 'negative_tile': 'negative_tile', 'group_id': 1, 'rank_id': 3}	ALT-Single
{'position': 5067, 'ref_base': 'T', 'alt_base': 'G', 'ref_count': 20, 'alt_count': 2, 'positive_tile': 'positive_tile', 'negative_tile': 'negative_tile', 'group_id': 2, 'rank_id': 1}	ALT-Single
{'position': 5110, 'ref_base': 'T', 'alt_base': 'C', 'ref_count': 20, 'alt_count': 2, 'positive_tile': 'positive_tile', 'negative_tile': 'negative_tile', 'group_id': 4, 'rank_id': 4}	ALT-Single
{'position': 5392, 'ref_base': 'C', 'alt_base': 'A', 'ref_count': 19, 'alt_count': 3, 'positive_tile': 'positive_tile', 'negative_tile': 'negative_tile', 'group_id': 2, 'rank_id': 3}	ALT-Single
{'position': 5976, 'ref_base': 'A', 'alt_base': 'T', 'ref_count': 20, 'alt_count': 2, 'positive_tile': 'positive_tile', 'negative_tile': 'negative_tile', 'group_id': 2, 'rank_id': 1}	ALT-Single
{'position': 6040, 'ref_base': 'C', 'alt_base': 'T', 'ref_count': 19, 'alt_count': 3, 'positive_tile': 'positive_tile', 'negative_tile': 'negative_tile', 'group_id': 2, 'rank_id': 3}	ALT-Single
{'position': 6529, 'ref_base': 'G', 'alt_base': 'T', 'ref_count': 20, 'alt_count': 2, 'positive_tile': 'positive_tile', 'negative_tile': 'negative_tile', 'group_id': 2, 'rank_id': 1}	ALT-Single
{'position': 6736, 'ref_base': 'C', 'alt_base': 'T', 'ref_count': 17, 'alt_count': 5, 'positive_tile': 'positive_tile', 'negative_tile': 'negative_tile', 'group_id': 2, 'rank_id': 2}	ALT-Single
{'position': 6991, 'ref_base': 'G', 'alt_base': 'A', 'ref_count': 17, 'alt_count': 5, 'positive_tile': 'positive_tile', 'negative_tile': 'negative_tile', 'group_id': 2, 'rank_id': 2}	ALT-Single
{'position': 7207, 'ref_base': 'C', 'alt_base': 'T', 'ref_count': 11, 'alt_count': 11, 'positive_tile': 'positive_tile', 'negative_tile': 'negative_tile', 'group_id': 1, 'rank_id': 3}	ALT-Single
{'position': 7258, 'ref_base': 'G', 'alt_base': 'A', 'ref_count': 11, 'alt_count': 11, 'positive_tile': 'positive_tile', 'negative_tile': 'negative_tile', 'group_id': 1, 'rank_id': 3}	ALT-Single
{'position': 9121, 'ref_base': 'C', 'alt_base': 'T', 'ref_count': 11, 'alt_count': 11, 'positive_tile': 'positive_tile', 'negative_tile': 'negative_tile', 'group_id': 1, 'rank_id': 3}	ALT-Single
{'position': 9797, 'ref_base': 'C', 'alt_base': 'T', 'ref_count': 17, 'alt_count': 5, 'positive_tile': 'positive_tile', 'negative_tile': 'negative_tile', 'group_id': 1, 'rank_id': 8}	ALT-Single
{'position': 9864, 'ref_base': 'C', 'alt_base': 'T', 'ref_count': 17, 'alt_count': 5, 'positive_tile': 'positive_tile', 'negative_tile': 'negative_tile', 'group_id': 1, 'rank_id': 8}	ALT-Single
{'position': 1180, 'ref_base': 'A', 'alt_base': 'T', 'ref_count': 19, 'alt_count': 3, 'positive_tile': 'positive_tile', 'negative_tile': 'negative_tile', 'group_id': 2, 'rank_id': 3}	ALT-Single
{'position': 1673, 'ref_base': 'G', 'alt_base': 'A', 'ref_count': 11, 'alt_count': 11, 'positive_tile': 'positive_tile', 'negative_tile': 'negative_tile', 'group_id': 1, 'rank_id': 3}	ALT-Single
{'position': 1895, 'ref_base': 'C', 'alt_base': 'A', 'ref_count': 17, 'alt_count': 5, 'positive_tile': 'positive_tile', 'negative_tile': 'negative_tile', 'group_id': 1, 'rank_id': 8}	ALT-Single
{'position': 1092, 'ref_base': 'G', 'alt_base': 'T', 'ref_count': 19, 'alt_count': 3, 'positive_tile': 'positive_tile', 'negative_tile': 'negative_tile', 'group_id': 2, 'rank_id': 3}	ALT-Single
{'position': 1628, 'ref_base': 'C', 'alt_base': 'T', 'ref_count': 11, 'alt_count': 11, 'positive_tile': 'positive_tile', 'negative_tile': 'negative_tile', 'group_id': 1, 'rank_id': 3}	ALT-Single
Q	0	0	0	1	0	0	0	0	1	0	0	0
R	0	0	0	1	0	0	0	0	1	0	0	0
O	0	0	0	1	0	0	0	0	1	0	0	0
P	0	0	0	1	0	0	0	0	1	0	0	0
J	0	0	0	1	0	0	0	0	1	0	0	0
I	0	0	0	1	0	0	0	0	0	0	0	0
H	0	0	0	1	0	0	0	0	0	0	0	0
G	0	0	0	1	0	0	0	0	0	0	0	0
S	0	0	0	1	0	2	0	0	0	0	0	0
F	0	0	0	1	0	2	0	0	0	0	0	0
B	0	0	0	1	0	0	0	0	0	0	0	0
C	0	0	0	2	0	0	0	0	0	0	0	0
T	0	0	0	2	4	0	0	0	0	0	0	0
U	0	0	0	2	4	0	0	0	0	0	0	0
M	0	0	2	0	0	0	0	0	0	0	0	0
N	0	0	2	0	0	0	0	0	0	0	0	0
K	0	0	2	0	0	0	0	0	0	0	0	0
L	0	0	2	0	0	0	0	0	0	0	0	0
E	0	0	2	0	0	0	0	0	0	0	0	0
D	0	2	0	0	0	0	0	0	0	0	0	0
V	0	2	0	0	0	0	0	0	0	0	0	0
A	0	0	0	0	0	0	0	0	0	0	0	0
